{
  "RSpec": {
    "coverage": {
      "/Users/drew/Flatiron/code/tic-tac-toe-rb-online-web-sp-000/lib/tic_tac_toe.rb": [
        null,
        1,
        null,
        null,
        null,
        null,
        null,
        null,
        null,
        null,
        null,
        1,
        2,
        2,
        2,
        2,
        2,
        null,
        null,
        1,
        6,
        null,
        null,
        1,
        5,
        5,
        null,
        null,
        1,
        10,
        null,
        null,
        1,
        6,
        1,
        5,
        3,
        null,
        null,
        null,
        1,
        5,
        50,
        5,
        null,
        null,
        1,
        4,
        null,
        null,
        1,
        3,
        3,
        3,
        3,
        3,
        null,
        3,
        null,
        null,
        1,
        23,
        155,
        155,
        155,
        155,
        519,
        15,
        null,
        null,
        8,
        null,
        null,
        1,
        80,
        null,
        null,
        1,
        11,
        3,
        8,
        5,
        null,
        3,
        null,
        null,
        null,
        1,
        6,
        null,
        null,
        1,
        3,
        2,
        null,
        null
      ]
    },
    "timestamp": 1618060219
  }
}
