{
  "RSpec": {
    "coverage": {
      "/Users/drew/Flatiron/code/tic-tac-toe-rb-online-web-sp-000/lib/tic_tac_toe.rb": [
        null,
        1,
        null,
        null,
        null,
        null,
        null,
        null,
        null,
        null,
        null,
        1,
        22,
        22,
        22,
        22,
        22,
        null,
        null,
        1,
        23,
        null,
        null,
        1,
        22,
        22,
        null,
        null,
        1,
        27,
        null,
        null,
        1,
        23,
        1,
        22,
        20,
        null,
        null,
        null,
        1,
        22,
        220,
        22,
        null,
        null,
        1,
        21,
        null,
        null,
        1,
        20,
        20,
        20,
        20,
        20,
        null,
        20,
        null,
        null,
        1,
        85,
        518,
        518,
        518,
        518,
        1786,
        43,
        null,
        null,
        42,
        null,
        null,
        1,
        202,
        null,
        null,
        1,
        32,
        7,
        25,
        14,
        null,
        11,
        null,
        null,
        null,
        1,
        31,
        null,
        null,
        1,
        14,
        6,
        null,
        null,
        null,
        1,
        12,
        17,
        17,
        null,
        12,
        12,
        5,
        null,
        7,
        null,
        null
      ]
    },
    "timestamp": 1618061475
  }
}
